timestamp: 2012-09-10T14:20:58.285412
CREATE TABLE auth_user(
    id INTEGER PRIMARY KEY AUTOINCREMENT,
    first_name CHAR(128),
    last_name CHAR(128),
    email CHAR(512),
    password CHAR(512),
    registration_key CHAR(512),
    reset_password_key CHAR(512),
    registration_id CHAR(512)
);
success!
timestamp: 2012-09-10T14:20:58.488562
CREATE TABLE auth_group(
    id INTEGER PRIMARY KEY AUTOINCREMENT,
    role CHAR(512),
    description TEXT
);
success!
timestamp: 2012-09-10T14:20:58.634326
CREATE TABLE auth_membership(
    id INTEGER PRIMARY KEY AUTOINCREMENT,
    user_id INTEGER REFERENCES auth_user (id) ON DELETE CASCADE,
    group_id INTEGER REFERENCES auth_group (id) ON DELETE CASCADE
);
success!
timestamp: 2012-09-10T14:20:58.768991
CREATE TABLE auth_permission(
    id INTEGER PRIMARY KEY AUTOINCREMENT,
    group_id INTEGER REFERENCES auth_group (id) ON DELETE CASCADE,
    name CHAR(512),
    table_name CHAR(512),
    record_id INTEGER
);
success!
timestamp: 2012-09-10T14:20:58.904353
CREATE TABLE auth_event(
    id INTEGER PRIMARY KEY AUTOINCREMENT,
    time_stamp TIMESTAMP,
    client_ip CHAR(512),
    user_id INTEGER REFERENCES auth_user (id) ON DELETE CASCADE,
    origin CHAR(512),
    description TEXT
);
success!
timestamp: 2012-09-10T14:20:59.038513
CREATE TABLE auth_cas(
    id INTEGER PRIMARY KEY AUTOINCREMENT,
    user_id INTEGER REFERENCES auth_user (id) ON DELETE CASCADE,
    created_on TIMESTAMP,
    service CHAR(512),
    ticket CHAR(512),
    renew CHAR(1)
);
success!
timestamp: 2013-11-09T23:56:59.862603
CREATE TABLE auth_user(
    id INT AUTO_INCREMENT NOT NULL,
    first_name VARCHAR(128),
    last_name VARCHAR(128),
    email VARCHAR(255),
    password VARCHAR(255),
    registration_key VARCHAR(255),
    reset_password_key VARCHAR(255),
    registration_id VARCHAR(255),
    PRIMARY KEY(id)
) ENGINE=InnoDB CHARACTER SET utf8;
success!
timestamp: 2013-11-09T23:57:00.334043
CREATE TABLE auth_group(
    id INT AUTO_INCREMENT NOT NULL,
    role VARCHAR(255),
    description LONGTEXT,
    PRIMARY KEY(id)
) ENGINE=InnoDB CHARACTER SET utf8;
success!
timestamp: 2013-11-09T23:57:00.445583
CREATE TABLE auth_membership(
    id INT AUTO_INCREMENT NOT NULL,
    user_id INT, INDEX user_id__idx (user_id), FOREIGN KEY (user_id) REFERENCES auth_user (id) ON DELETE CASCADE,
    group_id INT, INDEX group_id__idx (group_id), FOREIGN KEY (group_id) REFERENCES auth_group (id) ON DELETE CASCADE,
    PRIMARY KEY(id)
) ENGINE=InnoDB CHARACTER SET utf8;
success!
timestamp: 2013-11-09T23:57:00.637549
CREATE TABLE auth_permission(
    id INT AUTO_INCREMENT NOT NULL,
    group_id INT, INDEX group_id__idx (group_id), FOREIGN KEY (group_id) REFERENCES auth_group (id) ON DELETE CASCADE,
    name VARCHAR(255),
    table_name VARCHAR(255),
    record_id INT,
    PRIMARY KEY(id)
) ENGINE=InnoDB CHARACTER SET utf8;
success!
timestamp: 2013-11-09T23:57:00.727530
CREATE TABLE auth_event(
    id INT AUTO_INCREMENT NOT NULL,
    time_stamp DATETIME,
    client_ip VARCHAR(255),
    user_id INT, INDEX user_id__idx (user_id), FOREIGN KEY (user_id) REFERENCES auth_user (id) ON DELETE CASCADE,
    origin VARCHAR(255),
    description LONGTEXT,
    PRIMARY KEY(id)
) ENGINE=InnoDB CHARACTER SET utf8;
success!
timestamp: 2013-11-09T23:57:00.850710
CREATE TABLE auth_cas(
    id INT AUTO_INCREMENT NOT NULL,
    user_id INT, INDEX user_id__idx (user_id), FOREIGN KEY (user_id) REFERENCES auth_user (id) ON DELETE CASCADE,
    created_on DATETIME,
    service VARCHAR(255),
    ticket VARCHAR(255),
    renew CHAR(1),
    PRIMARY KEY(id)
) ENGINE=InnoDB CHARACTER SET utf8;
success!
timestamp: 2013-11-10T00:10:30.276894
CREATE TABLE TestDetails(
    id INT AUTO_INCREMENT NOT NULL,
    TestName VARCHAR(255),
    userEmail VARCHAR(255),
    status VARCHAR(255),
    url VARCHAR(255),
    CycleCount VARCHAR(255),
    CycleDuration VARCHAR(255),
    CycleUser VARCHAR(255),
    CycleSleepTime VARCHAR(255),
    path VARCHAR(255),
    PRIMARY KEY(id)
) ENGINE=InnoDB CHARACTER SET utf8;
success!
timestamp: 2013-11-10T00:50:27.932414
ALTER TABLE TestDetails DROP COLUMN cyclecount;
success!
timestamp: 2013-11-10T18:05:48.364606
ALTER TABLE TestDetails ADD functional VARCHAR(255);
success!
timestamp: 2013-11-10T18:05:48.569997
ALTER TABLE TestDetails ADD sanity VARCHAR(255);
success!
timestamp: 2013-11-10T18:05:48.776167
CREATE TABLE FunctionalTesting(
    id INT AUTO_INCREMENT NOT NULL,
    TestId INT, INDEX TestId__idx (TestId), FOREIGN KEY (TestId) REFERENCES TestDetails (id) ON DELETE CASCADE,
    Url VARCHAR(255),
    Status VARCHAR(255),
    PRIMARY KEY(id)
) ENGINE=InnoDB CHARACTER SET utf8;
success!
timestamp: 2013-11-10T18:34:22.601375
ALTER TABLE TestDetails ADD requestperuser VARCHAR(255);
success!
timestamp: 2013-11-10T19:09:14.869045
ALTER TABLE TestDetails ADD description LONGTEXT;
success!
timestamp: 2013-11-10T19:30:50.291338
ALTER TABLE TestDetails ADD mailsent VARCHAR(255);
success!
timestamp: 2013-11-10T22:22:31.558848
ALTER TABLE TestDetails ADD stressflag VARCHAR(255);
success!
timestamp: 2013-11-10T22:22:31.809411
ALTER TABLE TestDetails ADD sanityflag VARCHAR(255);
success!
timestamp: 2013-11-10T22:22:32.034143
ALTER TABLE TestDetails ADD functionalflag VARCHAR(255);
success!
